<?xml version="1.0" encoding="UTF-8"?>
<testsuites name="Login" time="112" tests="0" failures="2" errors="0">
   <testsuite name="Login" tests="0" failures="2" errors="0" time="112" timestamp="2018-03-19 21:00:38" hostname="Maria - Flauzino" id="Test Suites/Login/Login">
      <properties>
         <property name="deviceName" value=""/>
         <property name="devicePlatform" value=""/>
         <property name="logFolder" value="C:\\Users\\Maria\\git\\katalon\\Reports\\Login\\Login\\20180319_210029"/>
         <property name="logFiles" value="C:\\Users\\Maria\\git\\katalon\\Reports\\Login\\Login\\20180319_210029\\execution0.log"/>
         <property name="attachments" value="C:\\Users\\Maria\\git\\katalon\\Reports\\Login\\Login\\20180319_210029\\1521504113866.png, C:\\Users\\Maria\\git\\katalon\\Reports\\Login\\Login\\20180319_210029\\1521504114891.png, C:\\Users\\Maria\\git\\katalon\\Reports\\Login\\Login\\20180319_210029\\1521504149296.png, C:\\Users\\Maria\\git\\katalon\\Reports\\Login\\Login\\20180319_210029\\1521504150088.png"/>
         <property name="hostName" value="Maria - Flauzino"/>
         <property name="os" value="Windows 10 64bit"/>
         <property name="katalonVersion" value="5.3.0.1"/>
         <property name="browser" value="Chrome 64.0.3282.186"/>
         <property name="hostAddress" value="192.168.0.15"/>
         <property name="sessionId" value="3b92397bab1d74780eeda996e67a32cd"/>
         <property name="seleniumVersion" value="3.7.1"/>
         <property name="proxyInformation" value="ProxyInformation{proxyOption=NO_PROXY, proxyServerType=HTTP, password=, proxyServerAddress=, proxyServerPort=0}"/>
         <property name="platform" value="Windows 10"/>
      </properties>
      <testcase name="Test Cases/Login/Login invalido" classname="Test Cases/Login/Login invalido" status="FAILED">
         <failure type="FAILED" message="Unable to verify object 'Object Repository/Page_Login/span_Invalid credentials' is present (Root cause: com.kms.katalon.core.webui.exception.WebElementNotFoundException: Web element with id: 'Object Repository/Page_Login/span_Invalid credentials' located by 'By.xpath: //span[@id = 'spanMessage' and (text() = 'Invalid credentials' or . = 'Invalid credentials')]' not found)"/>
         <system-out><![CDATA[2018-03-19 21:00:40 - [TEST_CASE][FAILED] - Test Cases/Login/Login invalido: Test Cases/Login/Login invalido FAILED because (of) Unable to verify object 'Object Repository/Page_Login/span_Invalid credentials' is present (Root cause: com.kms.katalon.core.webui.exception.WebElementNotFoundException: Web element with id: 'Object Repository/Page_Login/span_Invalid credentials' located by 'By.xpath: //span[@id = 'spanMessage' and (text() = 'Invalid credentials' or . = 'Invalid credentials')]' not found)

2018-03-19 21:00:41 - [TEST_STEP][PASSED] - openBrowser: Browser is opened with url: ''

2018-03-19 21:01:10 - [MESSAGE][PASSED] - Browser is opened with url: ''

2018-03-19 21:01:10 - [TEST_STEP][PASSED] - navigateToUrl: Navigate to 'http://opensource.demo.orangehrmlive.com/index.php/auth/login' successfully

2018-03-19 21:01:13 - [MESSAGE][PASSED] - Navigate to 'http://opensource.demo.orangehrmlive.com/index.php/auth/login' successfully

2018-03-19 21:01:13 - [TEST_STEP][PASSED] - maximizeWindow: Current window maximized

2018-03-19 21:01:15 - [MESSAGE][PASSED] - Current window maximized

2018-03-19 21:01:15 - [TEST_STEP][PASSED] - click: Object: 'Object Repository/Page_Login/span_Username' is clicked on

2018-03-19 21:01:20 - [MESSAGE][PASSED] - Object: 'Object Repository/Page_Login/span_Username' is clicked on

2018-03-19 21:01:20 - [TEST_STEP][PASSED] - setText: Text 'admin' is set on object 'Object Repository/Page_Login/input_txtUsername'

2018-03-19 21:01:20 - [MESSAGE][PASSED] - Text 'admin' is set on object 'Object Repository/Page_Login/input_txtUsername'

2018-03-19 21:01:20 - [TEST_STEP][PASSED] - setText: Text 'teste' is set on object 'Object Repository/Page_Login/input_txtPassword'

2018-03-19 21:01:21 - [MESSAGE][PASSED] - Text 'teste' is set on object 'Object Repository/Page_Login/input_txtPassword'

2018-03-19 21:01:21 - [TEST_STEP][PASSED] - click: Object: 'Object Repository/Page_Login/input_Submit' is clicked on

2018-03-19 21:01:22 - [MESSAGE][PASSED] - Object: 'Object Repository/Page_Login/input_Submit' is clicked on

2018-03-19 21:01:22 - [TEST_STEP][FAILED] - verifyElementPresent: Unable to verify object 'Object Repository/Page_Login/span_Invalid credentials' is present (Root cause: com.kms.katalon.core.webui.exception.WebElementNotFoundException: Web element with id: 'Object Repository/Page_Login/span_Invalid credentials' located by 'By.xpath: //span[@id = 'spanMessage' and (text() = 'Invalid credentials' or . = 'Invalid credentials')]' not found)

2018-03-19 21:01:22 - [MESSAGE][WARNING] - Timeout '0' is invalid. Using default page load timeout: '30'

2018-03-19 21:01:54 - [MESSAGE][FAILED] - com.kms.katalon.core.webui.exception.WebElementNotFoundException: Web element with id: 'Object Repository/Page_Login/span_Invalid credentials' located by 'By.xpath: //span[@id = 'spanMessage' and (text() = 'Invalid credentials' or . = 'Invalid credentials')]' not found
[[ATTACHMENT|C:\\Users\\Maria\\git\\katalon\\Reports\\Login\\Login\\20180319_210029\\1521504113866.png]]

2018-03-19 21:01:55 - [MESSAGE][FAILED] - Unable to verify object 'Object Repository/Page_Login/span_Invalid credentials' is present (Root cause: com.kms.katalon.core.webui.exception.WebElementNotFoundException: Web element with id: 'Object Repository/Page_Login/span_Invalid credentials' located by 'By.xpath: //span[@id = 'spanMessage' and (text() = 'Invalid credentials' or . = 'Invalid credentials')]' not found)
[[ATTACHMENT|C:\\Users\\Maria\\git\\katalon\\Reports\\Login\\Login\\20180319_210029\\1521504114891.png]]]]></system-out>
         <system-err><![CDATA[2018-03-19 21:00:40 - [TEST_CASE][FAILED] - Test Cases/Login/Login invalido: Test Cases/Login/Login invalido FAILED because (of) Unable to verify object 'Object Repository/Page_Login/span_Invalid credentials' is present (Root cause: com.kms.katalon.core.webui.exception.WebElementNotFoundException: Web element with id: 'Object Repository/Page_Login/span_Invalid credentials' located by 'By.xpath: //span[@id = 'spanMessage' and (text() = 'Invalid credentials' or . = 'Invalid credentials')]' not found)]]></system-err>
      </testcase>
      <testcase name="Test Cases/Login/Login valido" classname="Test Cases/Login/Login valido" status="FAILED">
         <failure type="FAILED" message="Verify element text of test object 'Object Repository/Page_Login/a_Welcome Admin' FAILED. (Root cause: Actual text 'Welcome Admin' and expected text 'Welcome admin' of test object 'Object Repository/Page_Login/a_Welcome Admin' are NOT matched.)"/>
         <system-out><![CDATA[2018-03-19 21:01:55 - [TEST_CASE][FAILED] - Test Cases/Login/Login valido: Test Cases/Login/Login valido FAILED because (of) Verify element text of test object 'Object Repository/Page_Login/a_Welcome Admin' FAILED. (Root cause: Actual text 'Welcome Admin' and expected text 'Welcome admin' of test object 'Object Repository/Page_Login/a_Welcome Admin' are NOT matched.)

2018-03-19 21:01:55 - [TEST_STEP][PASSED] - openBrowser: Browser is opened with url: ''

2018-03-19 21:01:55 - [MESSAGE][WARNING] - A browser is already opened. Closing browser and opening a new one

2018-03-19 21:02:04 - [MESSAGE][PASSED] - Browser is opened with url: ''

2018-03-19 21:02:04 - [TEST_STEP][PASSED] - navigateToUrl: Navigate to 'http://opensource.demo.orangehrmlive.com/index.php/auth/login' successfully

2018-03-19 21:02:14 - [MESSAGE][PASSED] - Navigate to 'http://opensource.demo.orangehrmlive.com/index.php/auth/login' successfully

2018-03-19 21:02:14 - [TEST_STEP][PASSED] - maximizeWindow: Current window maximized

2018-03-19 21:02:15 - [MESSAGE][PASSED] - Current window maximized

2018-03-19 21:02:15 - [TEST_STEP][PASSED] - click: Object: 'Object Repository/Page_Login/span_Username' is clicked on

2018-03-19 21:02:20 - [MESSAGE][PASSED] - Object: 'Object Repository/Page_Login/span_Username' is clicked on

2018-03-19 21:02:20 - [TEST_STEP][PASSED] - setText: Text 'admin' is set on object 'Object Repository/Page_Login/input_txtUsername'

2018-03-19 21:02:20 - [MESSAGE][PASSED] - Text 'admin' is set on object 'Object Repository/Page_Login/input_txtUsername'

2018-03-19 21:02:20 - [TEST_STEP][PASSED] - setText: Text 'admin' is set on object 'Object Repository/Page_Login/input_txtPassword'

2018-03-19 21:02:20 - [MESSAGE][PASSED] - Text 'admin' is set on object 'Object Repository/Page_Login/input_txtPassword'

2018-03-19 21:02:20 - [TEST_STEP][PASSED] - click: Object: 'Object Repository/Page_Login/input_Submit' is clicked on

2018-03-19 21:02:28 - [MESSAGE][PASSED] - Object: 'Object Repository/Page_Login/input_Submit' is clicked on

2018-03-19 21:02:28 - [TEST_STEP][PASSED] - waitForElementVisible: Object 'Object Repository/Page_Login/a_Welcome Admin' is visible

2018-03-19 21:02:29 - [MESSAGE][PASSED] - Object 'Object Repository/Page_Login/a_Welcome Admin' is visible

2018-03-19 21:02:29 - [TEST_STEP][FAILED] - verifyElementText: Verify element text of test object 'Object Repository/Page_Login/a_Welcome Admin' FAILED. (Root cause: Actual text 'Welcome Admin' and expected text 'Welcome admin' of test object 'Object Repository/Page_Login/a_Welcome Admin' are NOT matched.)

2018-03-19 21:02:30 - [MESSAGE][FAILED] - Actual text 'Welcome Admin' and expected text 'Welcome admin' of test object 'Object Repository/Page_Login/a_Welcome Admin' are NOT matched.
[[ATTACHMENT|C:\\Users\\Maria\\git\\katalon\\Reports\\Login\\Login\\20180319_210029\\1521504149296.png]]

2018-03-19 21:02:30 - [MESSAGE][FAILED] - Verify element text of test object 'Object Repository/Page_Login/a_Welcome Admin' FAILED. (Root cause: Actual text 'Welcome Admin' and expected text 'Welcome admin' of test object 'Object Repository/Page_Login/a_Welcome Admin' are NOT matched.)
[[ATTACHMENT|C:\\Users\\Maria\\git\\katalon\\Reports\\Login\\Login\\20180319_210029\\1521504150088.png]]]]></system-out>
         <system-err><![CDATA[2018-03-19 21:01:55 - [TEST_CASE][FAILED] - Test Cases/Login/Login valido: Test Cases/Login/Login valido FAILED because (of) Verify element text of test object 'Object Repository/Page_Login/a_Welcome Admin' FAILED. (Root cause: Actual text 'Welcome Admin' and expected text 'Welcome admin' of test object 'Object Repository/Page_Login/a_Welcome Admin' are NOT matched.)]]></system-err>
      </testcase>
      <system-out><![CDATA[2018-03-19 21:00:38 - [TEST_SUITE][FAILED] - Login: Test Cases/Login/Login invalido FAILED because (of) Unable to verify object 'Object Repository/Page_Login/span_Invalid credentials' is present (Root cause: com.kms.katalon.core.webui.exception.WebElementNotFoundException: Web element with id: 'Object Repository/Page_Login/span_Invalid credentials' located by 'By.xpath: //span[@id = 'spanMessage' and (text() = 'Invalid credentials' or . = 'Invalid credentials')]' not found)]]></system-out>
      <system-err><![CDATA[2018-03-19 21:00:38 - [TEST_SUITE][FAILED] - Login: Test Cases/Login/Login invalido FAILED because (of) Unable to verify object 'Object Repository/Page_Login/span_Invalid credentials' is present (Root cause: com.kms.katalon.core.webui.exception.WebElementNotFoundException: Web element with id: 'Object Repository/Page_Login/span_Invalid credentials' located by 'By.xpath: //span[@id = 'spanMessage' and (text() = 'Invalid credentials' or . = 'Invalid credentials')]' not found)]]></system-err>
   </testsuite>
</testsuites>
