<?xml version="1.0" encoding="UTF-8"?>
<testsuites name="Login" time="151" tests="1" failures="2" errors="0">
   <testsuite name="Login" tests="1" failures="2" errors="0" time="151" timestamp="2018-03-06 11:41:30" hostname="saomflau - SAOM4271.americas.ad.flextronics.com" id="Test Suites/Login/Login">
      <properties>
         <property name="deviceName" value=""/>
         <property name="devicePlatform" value=""/>
         <property name="logFolder" value="C:\\Users\\saomflau\\Desktop\\Teste\\katalon\\Reports\\Login\\Login\\20180306_114125"/>
         <property name="logFiles" value="C:\\Users\\saomflau\\Desktop\\Teste\\katalon\\Reports\\Login\\Login\\20180306_114125\\execution0.log"/>
         <property name="attachments" value="C:\\Users\\saomflau\\Desktop\\Teste\\katalon\\Reports\\Login\\Login\\20180306_114125\\1520347427480.png, C:\\Users\\saomflau\\Desktop\\Teste\\katalon\\Reports\\Login\\Login\\20180306_114125\\1520347427857.png"/>
         <property name="hostName" value="saomflau - SAOM4271.americas.ad.flextronics.com"/>
         <property name="os" value="Windows 10 64bit"/>
         <property name="katalonVersion" value="5.3.0.1"/>
         <property name="browser" value="Chrome 64.0.3282.186"/>
         <property name="hostAddress" value="10.110.5.53"/>
         <property name="sessionId" value="a59d02cde3f7798769c62995005e4e88"/>
         <property name="seleniumVersion" value="3.7.1"/>
         <property name="proxyInformation" value="ProxyInformation{proxyOption=NO_PROXY, proxyServerType=HTTP, password=, proxyServerAddress=, proxyServerPort=0}"/>
         <property name="platform" value="Windows 10"/>
      </properties>
      <testcase name="Test Cases/Login valido" classname="Test Cases/Login valido" status="FAILED">
         <failure type="FAILED" message="Unable to wait for object 'Object Repository/Page_Login/a_Welcome Admin' to be visible (Root cause: org.openqa.selenium.WebDriverException: chrome not reachable
  (Session info: chrome=64.0.3282.186)
  (Driver info: chromedriver=2.35.528161 (5b82f2d2aae0ca24b877009200ced9065a772e73),platform=Windows NT 10.0.14393 x86_64) (WARNING: The server did not provide any stacktrace information)
Command duration or timeout: 0 milliseconds
Build info: version: '3.7.1', revision: '8a0099a', time: '2017-11-06T21:07:36.161Z'
System info: host: 'SAOM4271', ip: '10.110.5.53', os.name: 'Windows 10', os.arch: 'amd64', os.version: '10.0', java.version: '1.8.0_102'
Driver info: com.kms.katalon.selenium.driver.CChromeDriver
Capabilities {acceptInsecureCerts: false, acceptSslCerts: false, applicationCacheEnabled: false, browserConnectionEnabled: false, browserName: chrome, chrome: {chromedriverVersion: 2.35.528161 (5b82f2d2aae0ca..., userDataDir: C:\Users\saomflau\AppData\L...}, cssSelectorsEnabled: true, databaseEnabled: false, handlesAlerts: true, hasTouchScreen: false, javascriptEnabled: true, locationContextEnabled: true, mobileEmulationEnabled: false, nativeEvents: true, networkConnectionEnabled: false, pageLoadStrategy: normal, platform: XP, platformName: XP, rotatable: false, setWindowRect: true, takesHeapSnapshot: true, takesScreenshot: true, unexpectedAlertBehaviour: , unhandledPromptBehavior: , version: 64.0.3282.186, webStorageEnabled: true}
Session ID: 5fd161f4fdb4dcb0aaba3a2b1713837a
*** Element info: {Using=xpath, value=//a[@href = '#' and @id = 'welcome' and (text() = 'Welcome Admin' or . = 'Welcome Admin')]})"/>
         <system-out><![CDATA[2018-03-06 11:41:31 - [TEST_CASE][FAILED] - Test Cases/Login valido: Test Cases/Login valido FAILED because (of) Unable to wait for object 'Object Repository/Page_Login/a_Welcome Admin' to be visible (Root cause: org.openqa.selenium.WebDriverException: chrome not reachable
  (Session info: chrome=64.0.3282.186)
  (Driver info: chromedriver=2.35.528161 (5b82f2d2aae0ca24b877009200ced9065a772e73),platform=Windows NT 10.0.14393 x86_64) (WARNING: The server did not provide any stacktrace information)
Command duration or timeout: 0 milliseconds
Build info: version: '3.7.1', revision: '8a0099a', time: '2017-11-06T21:07:36.161Z'
System info: host: 'SAOM4271', ip: '10.110.5.53', os.name: 'Windows 10', os.arch: 'amd64', os.version: '10.0', java.version: '1.8.0_102'
Driver info: com.kms.katalon.selenium.driver.CChromeDriver
Capabilities {acceptInsecureCerts: false, acceptSslCerts: false, applicationCacheEnabled: false, browserConnectionEnabled: false, browserName: chrome, chrome: {chromedriverVersion: 2.35.528161 (5b82f2d2aae0ca..., userDataDir: C:\Users\saomflau\AppData\L...}, cssSelectorsEnabled: true, databaseEnabled: false, handlesAlerts: true, hasTouchScreen: false, javascriptEnabled: true, locationContextEnabled: true, mobileEmulationEnabled: false, nativeEvents: true, networkConnectionEnabled: false, pageLoadStrategy: normal, platform: XP, platformName: XP, rotatable: false, setWindowRect: true, takesHeapSnapshot: true, takesScreenshot: true, unexpectedAlertBehaviour: , unhandledPromptBehavior: , version: 64.0.3282.186, webStorageEnabled: true}
Session ID: 5fd161f4fdb4dcb0aaba3a2b1713837a
*** Element info: {Using=xpath, value=//a[@href = '#' and @id = 'welcome' and (text() = 'Welcome Admin' or . = 'Welcome Admin')]})

2018-03-06 11:41:31 - [TEST_STEP][PASSED] - openBrowser: Browser is opened with url: ''

2018-03-06 11:41:48 - [MESSAGE][PASSED] - Browser is opened with url: ''

2018-03-06 11:41:48 - [TEST_STEP][PASSED] - navigateToUrl: Navigate to 'http://opensource.demo.orangehrmlive.com/index.php/auth/login' successfully

2018-03-06 11:41:53 - [MESSAGE][PASSED] - Navigate to 'http://opensource.demo.orangehrmlive.com/index.php/auth/login' successfully

2018-03-06 11:41:53 - [TEST_STEP][PASSED] - click: Object: 'Object Repository/Page_Login/span_Username' is clicked on

2018-03-06 11:41:53 - [MESSAGE][PASSED] - Object: 'Object Repository/Page_Login/span_Username' is clicked on

2018-03-06 11:41:53 - [TEST_STEP][PASSED] - setText: Text 'admin' is set on object 'Object Repository/Page_Login/input_txtUsername'

2018-03-06 11:41:53 - [MESSAGE][PASSED] - Text 'admin' is set on object 'Object Repository/Page_Login/input_txtUsername'

2018-03-06 11:41:53 - [TEST_STEP][PASSED] - setText: Text 'teste' is set on object 'Object Repository/Page_Login/input_txtPassword'

2018-03-06 11:41:54 - [MESSAGE][PASSED] - Text 'teste' is set on object 'Object Repository/Page_Login/input_txtPassword'

2018-03-06 11:41:54 - [TEST_STEP][PASSED] - click: Object: 'Object Repository/Page_Login/input_Submit' is clicked on

2018-03-06 11:41:55 - [MESSAGE][PASSED] - Object: 'Object Repository/Page_Login/input_Submit' is clicked on

2018-03-06 11:41:55 - [TEST_STEP][FAILED] - waitForElementVisible: Unable to wait for object 'Object Repository/Page_Login/a_Welcome Admin' to be visible (Root cause: org.openqa.selenium.WebDriverException: chrome not reachable
  (Session info: chrome=64.0.3282.186)
  (Driver info: chromedriver=2.35.528161 (5b82f2d2aae0ca24b877009200ced9065a772e73),platform=Windows NT 10.0.14393 x86_64) (WARNING: The server did not provide any stacktrace information)
Command duration or timeout: 0 milliseconds
Build info: version: '3.7.1', revision: '8a0099a', time: '2017-11-06T21:07:36.161Z'
System info: host: 'SAOM4271', ip: '10.110.5.53', os.name: 'Windows 10', os.arch: 'amd64', os.version: '10.0', java.version: '1.8.0_102'
Driver info: com.kms.katalon.selenium.driver.CChromeDriver
Capabilities {acceptInsecureCerts: false, acceptSslCerts: false, applicationCacheEnabled: false, browserConnectionEnabled: false, browserName: chrome, chrome: {chromedriverVersion: 2.35.528161 (5b82f2d2aae0ca..., userDataDir: C:\Users\saomflau\AppData\L...}, cssSelectorsEnabled: true, databaseEnabled: false, handlesAlerts: true, hasTouchScreen: false, javascriptEnabled: true, locationContextEnabled: true, mobileEmulationEnabled: false, nativeEvents: true, networkConnectionEnabled: false, pageLoadStrategy: normal, platform: XP, platformName: XP, rotatable: false, setWindowRect: true, takesHeapSnapshot: true, takesScreenshot: true, unexpectedAlertBehaviour: , unhandledPromptBehavior: , version: 64.0.3282.186, webStorageEnabled: true}
Session ID: 5fd161f4fdb4dcb0aaba3a2b1713837a
*** Element info: {Using=xpath, value=//a[@href = '#' and @id = 'welcome' and (text() = 'Welcome Admin' or . = 'Welcome Admin')]})

2018-03-06 11:41:55 - [MESSAGE][WARNING] - Timeout '0' is invalid. Using default page load timeout: '30'

2018-03-06 11:42:29 - [MESSAGE][WARNING] - Cannot take screenshot

2018-03-06 11:42:29 - [MESSAGE][FAILED] - Unable to wait for object 'Object Repository/Page_Login/a_Welcome Admin' to be visible (Root cause: org.openqa.selenium.WebDriverException: chrome not reachable
  (Session info: chrome=64.0.3282.186)
  (Driver info: chromedriver=2.35.528161 (5b82f2d2aae0ca24b877009200ced9065a772e73),platform=Windows NT 10.0.14393 x86_64) (WARNING: The server did not provide any stacktrace information)
Command duration or timeout: 0 milliseconds
Build info: version: '3.7.1', revision: '8a0099a', time: '2017-11-06T21:07:36.161Z'
System info: host: 'SAOM4271', ip: '10.110.5.53', os.name: 'Windows 10', os.arch: 'amd64', os.version: '10.0', java.version: '1.8.0_102'
Driver info: com.kms.katalon.selenium.driver.CChromeDriver
Capabilities {acceptInsecureCerts: false, acceptSslCerts: false, applicationCacheEnabled: false, browserConnectionEnabled: false, browserName: chrome, chrome: {chromedriverVersion: 2.35.528161 (5b82f2d2aae0ca..., userDataDir: C:\Users\saomflau\AppData\L...}, cssSelectorsEnabled: true, databaseEnabled: false, handlesAlerts: true, hasTouchScreen: false, javascriptEnabled: true, locationContextEnabled: true, mobileEmulationEnabled: false, nativeEvents: true, networkConnectionEnabled: false, pageLoadStrategy: normal, platform: XP, platformName: XP, rotatable: false, setWindowRect: true, takesHeapSnapshot: true, takesScreenshot: true, unexpectedAlertBehaviour: , unhandledPromptBehavior: , version: 64.0.3282.186, webStorageEnabled: true}
Session ID: 5fd161f4fdb4dcb0aaba3a2b1713837a
*** Element info: {Using=xpath, value=//a[@href = '#' and @id = 'welcome' and (text() = 'Welcome Admin' or . = 'Welcome Admin')]})]]></system-out>
         <system-err><![CDATA[2018-03-06 11:41:31 - [TEST_CASE][FAILED] - Test Cases/Login valido: Test Cases/Login valido FAILED because (of) Unable to wait for object 'Object Repository/Page_Login/a_Welcome Admin' to be visible (Root cause: org.openqa.selenium.WebDriverException: chrome not reachable
  (Session info: chrome=64.0.3282.186)
  (Driver info: chromedriver=2.35.528161 (5b82f2d2aae0ca24b877009200ced9065a772e73),platform=Windows NT 10.0.14393 x86_64) (WARNING: The server did not provide any stacktrace information)
Command duration or timeout: 0 milliseconds
Build info: version: '3.7.1', revision: '8a0099a', time: '2017-11-06T21:07:36.161Z'
System info: host: 'SAOM4271', ip: '10.110.5.53', os.name: 'Windows 10', os.arch: 'amd64', os.version: '10.0', java.version: '1.8.0_102'
Driver info: com.kms.katalon.selenium.driver.CChromeDriver
Capabilities {acceptInsecureCerts: false, acceptSslCerts: false, applicationCacheEnabled: false, browserConnectionEnabled: false, browserName: chrome, chrome: {chromedriverVersion: 2.35.528161 (5b82f2d2aae0ca..., userDataDir: C:\Users\saomflau\AppData\L...}, cssSelectorsEnabled: true, databaseEnabled: false, handlesAlerts: true, hasTouchScreen: false, javascriptEnabled: true, locationContextEnabled: true, mobileEmulationEnabled: false, nativeEvents: true, networkConnectionEnabled: false, pageLoadStrategy: normal, platform: XP, platformName: XP, rotatable: false, setWindowRect: true, takesHeapSnapshot: true, takesScreenshot: true, unexpectedAlertBehaviour: , unhandledPromptBehavior: , version: 64.0.3282.186, webStorageEnabled: true}
Session ID: 5fd161f4fdb4dcb0aaba3a2b1713837a
*** Element info: {Using=xpath, value=//a[@href = '#' and @id = 'welcome' and (text() = 'Welcome Admin' or . = 'Welcome Admin')]})]]></system-err>
      </testcase>
      <testcase name="Test Cases/Login valido 2" classname="Test Cases/Login valido 2" status="FAILED">
         <failure type="FAILED" message="Verify element text of test object 'Object Repository/Page_Login/a_Welcome Admin' FAILED. (Root cause: com.kms.katalon.core.webui.exception.WebElementNotFoundException: Web element with id: 'Object Repository/Page_Login/a_Welcome Admin' located by 'By.xpath: //a[@href = '#' and @id = 'welcome' and (text() = 'Welcome Admin' or . = 'Welcome Admin')]' not found)"/>
         <system-out><![CDATA[2018-03-06 11:42:29 - [TEST_CASE][FAILED] - Test Cases/Login valido 2: Test Cases/Login valido 2 FAILED because (of) Verify element text of test object 'Object Repository/Page_Login/a_Welcome Admin' FAILED. (Root cause: com.kms.katalon.core.webui.exception.WebElementNotFoundException: Web element with id: 'Object Repository/Page_Login/a_Welcome Admin' located by 'By.xpath: //a[@href = '#' and @id = 'welcome' and (text() = 'Welcome Admin' or . = 'Welcome Admin')]' not found)

2018-03-06 11:42:29 - [TEST_STEP][PASSED] - openBrowser: Browser is opened with url: ''

2018-03-06 11:42:29 - [MESSAGE][WARNING] - A browser is already opened. Closing browser and opening a new one

2018-03-06 11:42:35 - [MESSAGE][PASSED] - Browser is opened with url: ''

2018-03-06 11:42:35 - [TEST_STEP][PASSED] - navigateToUrl: Navigate to 'http://opensource.demo.orangehrmlive.com/index.php/auth/login' successfully

2018-03-06 11:42:41 - [MESSAGE][PASSED] - Navigate to 'http://opensource.demo.orangehrmlive.com/index.php/auth/login' successfully

2018-03-06 11:42:41 - [TEST_STEP][PASSED] - click: Object: 'Object Repository/Page_Login/span_Username' is clicked on

2018-03-06 11:42:41 - [MESSAGE][PASSED] - Object: 'Object Repository/Page_Login/span_Username' is clicked on

2018-03-06 11:42:41 - [TEST_STEP][PASSED] - setText: Text 'admin' is set on object 'Object Repository/Page_Login/input_txtUsername'

2018-03-06 11:42:42 - [MESSAGE][PASSED] - Text 'admin' is set on object 'Object Repository/Page_Login/input_txtUsername'

2018-03-06 11:42:42 - [TEST_STEP][PASSED] - setText: Text 'teste' is set on object 'Object Repository/Page_Login/input_txtPassword'

2018-03-06 11:42:42 - [MESSAGE][PASSED] - Text 'teste' is set on object 'Object Repository/Page_Login/input_txtPassword'

2018-03-06 11:42:42 - [TEST_STEP][PASSED] - click: Object: 'Object Repository/Page_Login/input_Submit' is clicked on

2018-03-06 11:42:43 - [MESSAGE][PASSED] - Object: 'Object Repository/Page_Login/input_Submit' is clicked on

2018-03-06 11:42:43 - [TEST_STEP][PASSED] - waitForElementVisible: Web element with id: 'Object Repository/Page_Login/a_Welcome Admin' located by 'By.xpath: //a[@href = '#' and @id = 'welcome' and (text() = 'Welcome Admin' or . = 'Welcome Admin')]' not found

2018-03-06 11:42:43 - [MESSAGE][WARNING] - Timeout '0' is invalid. Using default page load timeout: '30'

2018-03-06 11:43:15 - [MESSAGE][WARNING] - Web element with id: 'Object Repository/Page_Login/a_Welcome Admin' located by 'By.xpath: //a[@href = '#' and @id = 'welcome' and (text() = 'Welcome Admin' or . = 'Welcome Admin')]' not found

2018-03-06 11:43:15 - [TEST_STEP][FAILED] - verifyElementText: Verify element text of test object 'Object Repository/Page_Login/a_Welcome Admin' FAILED. (Root cause: com.kms.katalon.core.webui.exception.WebElementNotFoundException: Web element with id: 'Object Repository/Page_Login/a_Welcome Admin' located by 'By.xpath: //a[@href = '#' and @id = 'welcome' and (text() = 'Welcome Admin' or . = 'Welcome Admin')]' not found)

2018-03-06 11:43:47 - [MESSAGE][FAILED] - com.kms.katalon.core.webui.exception.WebElementNotFoundException: Web element with id: 'Object Repository/Page_Login/a_Welcome Admin' located by 'By.xpath: //a[@href = '#' and @id = 'welcome' and (text() = 'Welcome Admin' or . = 'Welcome Admin')]' not found
[[ATTACHMENT|C:\\Users\\saomflau\\Desktop\\Teste\\katalon\\Reports\\Login\\Login\\20180306_114125\\1520347427480.png]]

2018-03-06 11:43:48 - [MESSAGE][FAILED] - Verify element text of test object 'Object Repository/Page_Login/a_Welcome Admin' FAILED. (Root cause: com.kms.katalon.core.webui.exception.WebElementNotFoundException: Web element with id: 'Object Repository/Page_Login/a_Welcome Admin' located by 'By.xpath: //a[@href = '#' and @id = 'welcome' and (text() = 'Welcome Admin' or . = 'Welcome Admin')]' not found)
[[ATTACHMENT|C:\\Users\\saomflau\\Desktop\\Teste\\katalon\\Reports\\Login\\Login\\20180306_114125\\1520347427857.png]]]]></system-out>
         <system-err><![CDATA[2018-03-06 11:42:29 - [TEST_CASE][FAILED] - Test Cases/Login valido 2: Test Cases/Login valido 2 FAILED because (of) Verify element text of test object 'Object Repository/Page_Login/a_Welcome Admin' FAILED. (Root cause: com.kms.katalon.core.webui.exception.WebElementNotFoundException: Web element with id: 'Object Repository/Page_Login/a_Welcome Admin' located by 'By.xpath: //a[@href = '#' and @id = 'welcome' and (text() = 'Welcome Admin' or . = 'Welcome Admin')]' not found)]]></system-err>
      </testcase>
      <testcase name="Test Cases/Login invalido" classname="Test Cases/Login invalido" status="PASSED">
         <system-out><![CDATA[2018-03-06 11:43:48 - [TEST_CASE][PASSED] - Test Cases/Login invalido: Test Cases/Login invalido

2018-03-06 11:43:48 - [TEST_STEP][PASSED] - openBrowser: Browser is opened with url: ''

2018-03-06 11:43:48 - [MESSAGE][WARNING] - A browser is already opened. Closing browser and opening a new one

2018-03-06 11:43:53 - [MESSAGE][PASSED] - Browser is opened with url: ''

2018-03-06 11:43:53 - [TEST_STEP][PASSED] - navigateToUrl: Navigate to 'http://opensource.demo.orangehrmlive.com/index.php/auth/login' successfully

2018-03-06 11:43:58 - [MESSAGE][PASSED] - Navigate to 'http://opensource.demo.orangehrmlive.com/index.php/auth/login' successfully

2018-03-06 11:43:58 - [TEST_STEP][PASSED] - click: Object: 'Object Repository/Page_Login/span_Username' is clicked on

2018-03-06 11:43:58 - [MESSAGE][PASSED] - Object: 'Object Repository/Page_Login/span_Username' is clicked on

2018-03-06 11:43:58 - [TEST_STEP][PASSED] - setText: Text 'admin' is set on object 'Object Repository/Page_Login/input_txtUsername'

2018-03-06 11:43:58 - [MESSAGE][PASSED] - Text 'admin' is set on object 'Object Repository/Page_Login/input_txtUsername'

2018-03-06 11:43:58 - [TEST_STEP][PASSED] - setText: Text 'admin' is set on object 'Object Repository/Page_Login/input_txtPassword'

2018-03-06 11:43:58 - [MESSAGE][PASSED] - Text 'admin' is set on object 'Object Repository/Page_Login/input_txtPassword'

2018-03-06 11:43:58 - [TEST_STEP][PASSED] - click: Object: 'Object Repository/Page_Login/input_Submit' is clicked on

2018-03-06 11:44:00 - [MESSAGE][PASSED] - Object: 'Object Repository/Page_Login/input_Submit' is clicked on

2018-03-06 11:44:00 - [TEST_STEP][PASSED] - waitForElementVisible: Object 'Object Repository/Page_Login/a_Welcome Admin' is visible

2018-03-06 11:44:00 - [MESSAGE][WARNING] - Timeout '0' is invalid. Using default page load timeout: '30'

2018-03-06 11:44:00 - [MESSAGE][PASSED] - Object 'Object Repository/Page_Login/a_Welcome Admin' is visible

2018-03-06 11:44:00 - [TEST_STEP][PASSED] - verifyElementText: Actual text and expected text of test object 'Object Repository/Page_Login/a_Welcome Admin' are matched.

2018-03-06 11:44:00 - [MESSAGE][PASSED] - Actual text and expected text of test object 'Object Repository/Page_Login/a_Welcome Admin' are matched.

2018-03-06 11:44:00 - [TEST_STEP][PASSED] - closeBrowser: Browser is closed

2018-03-06 11:44:01 - [MESSAGE][PASSED] - Browser is closed]]></system-out>
         <system-err><![CDATA[]]></system-err>
      </testcase>
      <system-out><![CDATA[2018-03-06 11:41:30 - [TEST_SUITE][FAILED] - Login: Test Cases/Login valido FAILED because (of) Unable to wait for object 'Object Repository/Page_Login/a_Welcome Admin' to be visible (Root cause: org.openqa.selenium.WebDriverException: chrome not reachable
  (Session info: chrome=64.0.3282.186)
  (Driver info: chromedriver=2.35.528161 (5b82f2d2aae0ca24b877009200ced9065a772e73),platform=Windows NT 10.0.14393 x86_64) (WARNING: The server did not provide any stacktrace information)
Command duration or timeout: 0 milliseconds
Build info: version: '3.7.1', revision: '8a0099a', time: '2017-11-06T21:07:36.161Z'
System info: host: 'SAOM4271', ip: '10.110.5.53', os.name: 'Windows 10', os.arch: 'amd64', os.version: '10.0', java.version: '1.8.0_102'
Driver info: com.kms.katalon.selenium.driver.CChromeDriver
Capabilities {acceptInsecureCerts: false, acceptSslCerts: false, applicationCacheEnabled: false, browserConnectionEnabled: false, browserName: chrome, chrome: {chromedriverVersion: 2.35.528161 (5b82f2d2aae0ca..., userDataDir: C:\Users\saomflau\AppData\L...}, cssSelectorsEnabled: true, databaseEnabled: false, handlesAlerts: true, hasTouchScreen: false, javascriptEnabled: true, locationContextEnabled: true, mobileEmulationEnabled: false, nativeEvents: true, networkConnectionEnabled: false, pageLoadStrategy: normal, platform: XP, platformName: XP, rotatable: false, setWindowRect: true, takesHeapSnapshot: true, takesScreenshot: true, unexpectedAlertBehaviour: , unhandledPromptBehavior: , version: 64.0.3282.186, webStorageEnabled: true}
Session ID: 5fd161f4fdb4dcb0aaba3a2b1713837a
*** Element info: {Using=xpath, value=//a[@href = '#' and @id = 'welcome' and (text() = 'Welcome Admin' or . = 'Welcome Admin')]})]]></system-out>
      <system-err><![CDATA[2018-03-06 11:41:30 - [TEST_SUITE][FAILED] - Login: Test Cases/Login valido FAILED because (of) Unable to wait for object 'Object Repository/Page_Login/a_Welcome Admin' to be visible (Root cause: org.openqa.selenium.WebDriverException: chrome not reachable
  (Session info: chrome=64.0.3282.186)
  (Driver info: chromedriver=2.35.528161 (5b82f2d2aae0ca24b877009200ced9065a772e73),platform=Windows NT 10.0.14393 x86_64) (WARNING: The server did not provide any stacktrace information)
Command duration or timeout: 0 milliseconds
Build info: version: '3.7.1', revision: '8a0099a', time: '2017-11-06T21:07:36.161Z'
System info: host: 'SAOM4271', ip: '10.110.5.53', os.name: 'Windows 10', os.arch: 'amd64', os.version: '10.0', java.version: '1.8.0_102'
Driver info: com.kms.katalon.selenium.driver.CChromeDriver
Capabilities {acceptInsecureCerts: false, acceptSslCerts: false, applicationCacheEnabled: false, browserConnectionEnabled: false, browserName: chrome, chrome: {chromedriverVersion: 2.35.528161 (5b82f2d2aae0ca..., userDataDir: C:\Users\saomflau\AppData\L...}, cssSelectorsEnabled: true, databaseEnabled: false, handlesAlerts: true, hasTouchScreen: false, javascriptEnabled: true, locationContextEnabled: true, mobileEmulationEnabled: false, nativeEvents: true, networkConnectionEnabled: false, pageLoadStrategy: normal, platform: XP, platformName: XP, rotatable: false, setWindowRect: true, takesHeapSnapshot: true, takesScreenshot: true, unexpectedAlertBehaviour: , unhandledPromptBehavior: , version: 64.0.3282.186, webStorageEnabled: true}
Session ID: 5fd161f4fdb4dcb0aaba3a2b1713837a
*** Element info: {Using=xpath, value=//a[@href = '#' and @id = 'welcome' and (text() = 'Welcome Admin' or . = 'Welcome Admin')]})]]></system-err>
   </testsuite>
</testsuites>
