<?xml version="1.0" encoding="UTF-8"?>
<testsuites name="Employee" time="51" tests="0" failures="1" errors="0">
   <testsuite name="Employee" tests="0" failures="1" errors="0" time="51" timestamp="2018-03-07 13:48:26" hostname="saomflau - SAOM4271.americas.ad.flextronics.com" id="Test Suites/Employee/Employee">
      <properties>
         <property name="deviceName" value=""/>
         <property name="devicePlatform" value=""/>
         <property name="logFolder" value="C:\\Users\\saomflau\\Desktop\\Teste\\katalon\\Reports\\Employee\\Employee\\20180307_134824"/>
         <property name="logFiles" value="C:\\Users\\saomflau\\Desktop\\Teste\\katalon\\Reports\\Employee\\Employee\\20180307_134824\\execution0.log"/>
         <property name="attachments" value=""/>
         <property name="hostName" value="saomflau - SAOM4271.americas.ad.flextronics.com"/>
         <property name="os" value="Windows 10 64bit"/>
         <property name="katalonVersion" value="5.3.0.1"/>
         <property name="browser" value="Chrome 64.0.3282.186"/>
         <property name="hostAddress" value="10.110.6.13"/>
         <property name="sessionId" value="afe0996356c027815538ff3e6c976023"/>
         <property name="seleniumVersion" value="3.7.1"/>
         <property name="proxyInformation" value="ProxyInformation{proxyOption=NO_PROXY, proxyServerType=HTTP, password=, proxyServerAddress=, proxyServerPort=0}"/>
         <property name="platform" value="Windows 10"/>
      </properties>
      <testcase name="Test Cases/Employee/AddEmployee" classname="Test Cases/Employee/AddEmployee" status="FAILED">
         <failure type="FAILED" message="Unable to verify object 'Object Repository/Page_Employee/h1_Personal Details' is visible (Root cause: org.openqa.selenium.WebDriverException: chrome not reachable
  (Session info: chrome=64.0.3282.186)
  (Driver info: chromedriver=2.35.528161 (5b82f2d2aae0ca24b877009200ced9065a772e73),platform=Windows NT 10.0.14393 x86_64) (WARNING: The server did not provide any stacktrace information)
Command duration or timeout: 0 milliseconds
Build info: version: '3.7.1', revision: '8a0099a', time: '2017-11-06T21:07:36.161Z'
System info: host: 'SAOM4271', ip: '10.110.6.13', os.name: 'Windows 10', os.arch: 'amd64', os.version: '10.0', java.version: '1.8.0_102'
Driver info: com.kms.katalon.selenium.driver.CChromeDriver
Capabilities {acceptInsecureCerts: false, acceptSslCerts: false, applicationCacheEnabled: false, browserConnectionEnabled: false, browserName: chrome, chrome: {chromedriverVersion: 2.35.528161 (5b82f2d2aae0ca..., userDataDir: C:\Users\saomflau\AppData\L...}, cssSelectorsEnabled: true, databaseEnabled: false, handlesAlerts: true, hasTouchScreen: false, javascriptEnabled: true, locationContextEnabled: true, mobileEmulationEnabled: false, nativeEvents: true, networkConnectionEnabled: false, pageLoadStrategy: normal, platform: XP, platformName: XP, rotatable: false, setWindowRect: true, takesHeapSnapshot: true, takesScreenshot: true, unexpectedAlertBehaviour: , unhandledPromptBehavior: , version: 64.0.3282.186, webStorageEnabled: true}
Session ID: afe0996356c027815538ff3e6c976023
*** Element info: {Using=xpath, value=//h1[(text() = 'Personal Details' or . = 'Personal Details')]})"/>
         <system-out><![CDATA[2018-03-07 13:48:27 - [TEST_CASE][FAILED] - Test Cases/Employee/AddEmployee: Test Cases/Employee/AddEmployee FAILED because (of) Unable to verify object 'Object Repository/Page_Employee/h1_Personal Details' is visible (Root cause: org.openqa.selenium.WebDriverException: chrome not reachable
  (Session info: chrome=64.0.3282.186)
  (Driver info: chromedriver=2.35.528161 (5b82f2d2aae0ca24b877009200ced9065a772e73),platform=Windows NT 10.0.14393 x86_64) (WARNING: The server did not provide any stacktrace information)
Command duration or timeout: 0 milliseconds
Build info: version: '3.7.1', revision: '8a0099a', time: '2017-11-06T21:07:36.161Z'
System info: host: 'SAOM4271', ip: '10.110.6.13', os.name: 'Windows 10', os.arch: 'amd64', os.version: '10.0', java.version: '1.8.0_102'
Driver info: com.kms.katalon.selenium.driver.CChromeDriver
Capabilities {acceptInsecureCerts: false, acceptSslCerts: false, applicationCacheEnabled: false, browserConnectionEnabled: false, browserName: chrome, chrome: {chromedriverVersion: 2.35.528161 (5b82f2d2aae0ca..., userDataDir: C:\Users\saomflau\AppData\L...}, cssSelectorsEnabled: true, databaseEnabled: false, handlesAlerts: true, hasTouchScreen: false, javascriptEnabled: true, locationContextEnabled: true, mobileEmulationEnabled: false, nativeEvents: true, networkConnectionEnabled: false, pageLoadStrategy: normal, platform: XP, platformName: XP, rotatable: false, setWindowRect: true, takesHeapSnapshot: true, takesScreenshot: true, unexpectedAlertBehaviour: , unhandledPromptBehavior: , version: 64.0.3282.186, webStorageEnabled: true}
Session ID: afe0996356c027815538ff3e6c976023
*** Element info: {Using=xpath, value=//h1[(text() = 'Personal Details' or . = 'Personal Details')]})

2018-03-07 13:48:28 - [TEST_STEP][PASSED] - callTestCase: Call Test Case 'Test Cases/General/Login' successfully

2018-03-07 13:48:28 - [TEST_CASE][PASSED] - Test Cases/General/Login: Test Cases/General/Login

2018-03-07 13:48:29 - [TEST_STEP][PASSED] - openBrowser: Browser is opened with url: ''

2018-03-07 13:48:32 - [MESSAGE][PASSED] - Browser is opened with url: ''

2018-03-07 13:48:32 - [TEST_STEP][PASSED] - navigateToUrl: Navigate to 'http://opensource.demo.orangehrmlive.com/index.php/auth/login' successfully

2018-03-07 13:48:37 - [MESSAGE][PASSED] - Navigate to 'http://opensource.demo.orangehrmlive.com/index.php/auth/login' successfully

2018-03-07 13:48:37 - [TEST_STEP][PASSED] - maximizeWindow: Current window maximized

2018-03-07 13:48:38 - [MESSAGE][PASSED] - Current window maximized

2018-03-07 13:48:38 - [TEST_STEP][PASSED] - click: Object: 'Object Repository/Page_Login/span_Username' is clicked on

2018-03-07 13:48:39 - [MESSAGE][PASSED] - Object: 'Object Repository/Page_Login/span_Username' is clicked on

2018-03-07 13:48:39 - [TEST_STEP][PASSED] - setText: Text 'admin' is set on object 'Object Repository/Page_Login/input_txtUsername'

2018-03-07 13:48:39 - [MESSAGE][PASSED] - Text 'admin' is set on object 'Object Repository/Page_Login/input_txtUsername'

2018-03-07 13:48:39 - [TEST_STEP][PASSED] - setText: Text 'admin' is set on object 'Object Repository/Page_Login/input_txtPassword'

2018-03-07 13:48:39 - [MESSAGE][PASSED] - Text 'admin' is set on object 'Object Repository/Page_Login/input_txtPassword'

2018-03-07 13:48:39 - [TEST_STEP][PASSED] - click: Object: 'Object Repository/Page_Login/input_Submit' is clicked on

2018-03-07 13:48:42 - [MESSAGE][PASSED] - Object: 'Object Repository/Page_Login/input_Submit' is clicked on

2018-03-07 13:48:42 - [MESSAGE][PASSED] - Call Test Case 'Test Cases/General/Login' successfully

2018-03-07 13:48:42 - [TEST_STEP][PASSED] - click: Object: 'Object Repository/Page_Employee/b_PIM' is clicked on

2018-03-07 13:48:45 - [MESSAGE][PASSED] - Object: 'Object Repository/Page_Employee/b_PIM' is clicked on

2018-03-07 13:48:45 - [TEST_STEP][PASSED] - click: Object: 'Object Repository/Page_Employee/a_Add Employee' is clicked on

2018-03-07 13:48:46 - [MESSAGE][PASSED] - Object: 'Object Repository/Page_Employee/a_Add Employee' is clicked on

2018-03-07 13:48:46 - [TEST_STEP][PASSED] - sendKeys: Keys 'Caio' sent to object: 'Object Repository/Page_Employee/input_firstName'

2018-03-07 13:48:46 - [MESSAGE][PASSED] - Keys 'Caio' sent to object: 'Object Repository/Page_Employee/input_firstName'

2018-03-07 13:48:46 - [TEST_STEP][PASSED] - sendKeys: Keys 'Almeida' sent to object: 'Object Repository/Page_Employee/input_middleName'

2018-03-07 13:48:47 - [MESSAGE][PASSED] - Keys 'Almeida' sent to object: 'Object Repository/Page_Employee/input_middleName'

2018-03-07 13:48:47 - [TEST_STEP][PASSED] - sendKeys: Keys 'Jr' sent to object: 'Object Repository/Page_Employee/input_lastName'

2018-03-07 13:48:47 - [MESSAGE][PASSED] - Keys 'Jr' sent to object: 'Object Repository/Page_Employee/input_lastName'

2018-03-07 13:48:47 - [TEST_STEP][PASSED] - Statement - If (CreateLoginDetails == "yes"): All options with value 'Enabled' are selected in object 'Object Repository/Page_Employee/select_EnabledDisabled' 

2018-03-07 13:48:47 - [TEST_STEP][PASSED] - check: Object 'Object Repository/Page_Employee/input_chkLogin' is checked

2018-03-07 13:48:47 - [MESSAGE][PASSED] - Object 'Object Repository/Page_Employee/input_chkLogin' is checked

2018-03-07 13:48:47 - [TEST_STEP][PASSED] - sendKeys: Keys 'Cjunior' sent to object: 'Object Repository/Page_Employee/input_user_name'

2018-03-07 13:48:47 - [MESSAGE][PASSED] - Keys 'Cjunior' sent to object: 'Object Repository/Page_Employee/input_user_name'

2018-03-07 13:48:47 - [TEST_STEP][PASSED] - setText: Text '123456' is set on object 'Object Repository/Page_Employee/input_user_password'

2018-03-07 13:48:47 - [MESSAGE][PASSED] - Text '123456' is set on object 'Object Repository/Page_Employee/input_user_password'

2018-03-07 13:48:47 - [TEST_STEP][PASSED] - setText: Text '123456' is set on object 'Object Repository/Page_Employee/input_re_password'

2018-03-07 13:48:47 - [MESSAGE][PASSED] - Text '123456' is set on object 'Object Repository/Page_Employee/input_re_password'

2018-03-07 13:48:47 - [TEST_STEP][PASSED] - selectOptionByValue: All options with value 'Enabled' are selected in object 'Object Repository/Page_Employee/select_EnabledDisabled' 

2018-03-07 13:48:47 - [MESSAGE][PASSED] - All options with value 'Enabled' are selected in object 'Object Repository/Page_Employee/select_EnabledDisabled' 

2018-03-07 13:48:47 - [TEST_STEP][PASSED] - click: Object: 'Object Repository/Page_Employee/input_btnSave' is clicked on

2018-03-07 13:48:49 - [MESSAGE][PASSED] - Object: 'Object Repository/Page_Employee/input_btnSave' is clicked on

2018-03-07 13:48:49 - [TEST_STEP][FAILED] - verifyElementVisible: Unable to verify object 'Object Repository/Page_Employee/h1_Personal Details' is visible (Root cause: org.openqa.selenium.WebDriverException: chrome not reachable
  (Session info: chrome=64.0.3282.186)
  (Driver info: chromedriver=2.35.528161 (5b82f2d2aae0ca24b877009200ced9065a772e73),platform=Windows NT 10.0.14393 x86_64) (WARNING: The server did not provide any stacktrace information)
Command duration or timeout: 0 milliseconds
Build info: version: '3.7.1', revision: '8a0099a', time: '2017-11-06T21:07:36.161Z'
System info: host: 'SAOM4271', ip: '10.110.6.13', os.name: 'Windows 10', os.arch: 'amd64', os.version: '10.0', java.version: '1.8.0_102'
Driver info: com.kms.katalon.selenium.driver.CChromeDriver
Capabilities {acceptInsecureCerts: false, acceptSslCerts: false, applicationCacheEnabled: false, browserConnectionEnabled: false, browserName: chrome, chrome: {chromedriverVersion: 2.35.528161 (5b82f2d2aae0ca..., userDataDir: C:\Users\saomflau\AppData\L...}, cssSelectorsEnabled: true, databaseEnabled: false, handlesAlerts: true, hasTouchScreen: false, javascriptEnabled: true, locationContextEnabled: true, mobileEmulationEnabled: false, nativeEvents: true, networkConnectionEnabled: false, pageLoadStrategy: normal, platform: XP, platformName: XP, rotatable: false, setWindowRect: true, takesHeapSnapshot: true, takesScreenshot: true, unexpectedAlertBehaviour: , unhandledPromptBehavior: , version: 64.0.3282.186, webStorageEnabled: true}
Session ID: afe0996356c027815538ff3e6c976023
*** Element info: {Using=xpath, value=//h1[(text() = 'Personal Details' or . = 'Personal Details')]})

2018-03-07 13:49:17 - [MESSAGE][WARNING] - Cannot take screenshot

2018-03-07 13:49:17 - [MESSAGE][FAILED] - Unable to verify object 'Object Repository/Page_Employee/h1_Personal Details' is visible (Root cause: org.openqa.selenium.WebDriverException: chrome not reachable
  (Session info: chrome=64.0.3282.186)
  (Driver info: chromedriver=2.35.528161 (5b82f2d2aae0ca24b877009200ced9065a772e73),platform=Windows NT 10.0.14393 x86_64) (WARNING: The server did not provide any stacktrace information)
Command duration or timeout: 0 milliseconds
Build info: version: '3.7.1', revision: '8a0099a', time: '2017-11-06T21:07:36.161Z'
System info: host: 'SAOM4271', ip: '10.110.6.13', os.name: 'Windows 10', os.arch: 'amd64', os.version: '10.0', java.version: '1.8.0_102'
Driver info: com.kms.katalon.selenium.driver.CChromeDriver
Capabilities {acceptInsecureCerts: false, acceptSslCerts: false, applicationCacheEnabled: false, browserConnectionEnabled: false, browserName: chrome, chrome: {chromedriverVersion: 2.35.528161 (5b82f2d2aae0ca..., userDataDir: C:\Users\saomflau\AppData\L...}, cssSelectorsEnabled: true, databaseEnabled: false, handlesAlerts: true, hasTouchScreen: false, javascriptEnabled: true, locationContextEnabled: true, mobileEmulationEnabled: false, nativeEvents: true, networkConnectionEnabled: false, pageLoadStrategy: normal, platform: XP, platformName: XP, rotatable: false, setWindowRect: true, takesHeapSnapshot: true, takesScreenshot: true, unexpectedAlertBehaviour: , unhandledPromptBehavior: , version: 64.0.3282.186, webStorageEnabled: true}
Session ID: afe0996356c027815538ff3e6c976023
*** Element info: {Using=xpath, value=//h1[(text() = 'Personal Details' or . = 'Personal Details')]})]]></system-out>
         <system-err><![CDATA[2018-03-07 13:48:27 - [TEST_CASE][FAILED] - Test Cases/Employee/AddEmployee: Test Cases/Employee/AddEmployee FAILED because (of) Unable to verify object 'Object Repository/Page_Employee/h1_Personal Details' is visible (Root cause: org.openqa.selenium.WebDriverException: chrome not reachable
  (Session info: chrome=64.0.3282.186)
  (Driver info: chromedriver=2.35.528161 (5b82f2d2aae0ca24b877009200ced9065a772e73),platform=Windows NT 10.0.14393 x86_64) (WARNING: The server did not provide any stacktrace information)
Command duration or timeout: 0 milliseconds
Build info: version: '3.7.1', revision: '8a0099a', time: '2017-11-06T21:07:36.161Z'
System info: host: 'SAOM4271', ip: '10.110.6.13', os.name: 'Windows 10', os.arch: 'amd64', os.version: '10.0', java.version: '1.8.0_102'
Driver info: com.kms.katalon.selenium.driver.CChromeDriver
Capabilities {acceptInsecureCerts: false, acceptSslCerts: false, applicationCacheEnabled: false, browserConnectionEnabled: false, browserName: chrome, chrome: {chromedriverVersion: 2.35.528161 (5b82f2d2aae0ca..., userDataDir: C:\Users\saomflau\AppData\L...}, cssSelectorsEnabled: true, databaseEnabled: false, handlesAlerts: true, hasTouchScreen: false, javascriptEnabled: true, locationContextEnabled: true, mobileEmulationEnabled: false, nativeEvents: true, networkConnectionEnabled: false, pageLoadStrategy: normal, platform: XP, platformName: XP, rotatable: false, setWindowRect: true, takesHeapSnapshot: true, takesScreenshot: true, unexpectedAlertBehaviour: , unhandledPromptBehavior: , version: 64.0.3282.186, webStorageEnabled: true}
Session ID: afe0996356c027815538ff3e6c976023
*** Element info: {Using=xpath, value=//h1[(text() = 'Personal Details' or . = 'Personal Details')]})]]></system-err>
      </testcase>
      <system-out><![CDATA[2018-03-07 13:48:26 - [TEST_SUITE][FAILED] - Employee: Test Cases/Employee/AddEmployee FAILED because (of) Unable to verify object 'Object Repository/Page_Employee/h1_Personal Details' is visible (Root cause: org.openqa.selenium.WebDriverException: chrome not reachable
  (Session info: chrome=64.0.3282.186)
  (Driver info: chromedriver=2.35.528161 (5b82f2d2aae0ca24b877009200ced9065a772e73),platform=Windows NT 10.0.14393 x86_64) (WARNING: The server did not provide any stacktrace information)
Command duration or timeout: 0 milliseconds
Build info: version: '3.7.1', revision: '8a0099a', time: '2017-11-06T21:07:36.161Z'
System info: host: 'SAOM4271', ip: '10.110.6.13', os.name: 'Windows 10', os.arch: 'amd64', os.version: '10.0', java.version: '1.8.0_102'
Driver info: com.kms.katalon.selenium.driver.CChromeDriver
Capabilities {acceptInsecureCerts: false, acceptSslCerts: false, applicationCacheEnabled: false, browserConnectionEnabled: false, browserName: chrome, chrome: {chromedriverVersion: 2.35.528161 (5b82f2d2aae0ca..., userDataDir: C:\Users\saomflau\AppData\L...}, cssSelectorsEnabled: true, databaseEnabled: false, handlesAlerts: true, hasTouchScreen: false, javascriptEnabled: true, locationContextEnabled: true, mobileEmulationEnabled: false, nativeEvents: true, networkConnectionEnabled: false, pageLoadStrategy: normal, platform: XP, platformName: XP, rotatable: false, setWindowRect: true, takesHeapSnapshot: true, takesScreenshot: true, unexpectedAlertBehaviour: , unhandledPromptBehavior: , version: 64.0.3282.186, webStorageEnabled: true}
Session ID: afe0996356c027815538ff3e6c976023
*** Element info: {Using=xpath, value=//h1[(text() = 'Personal Details' or . = 'Personal Details')]})]]></system-out>
      <system-err><![CDATA[2018-03-07 13:48:26 - [TEST_SUITE][FAILED] - Employee: Test Cases/Employee/AddEmployee FAILED because (of) Unable to verify object 'Object Repository/Page_Employee/h1_Personal Details' is visible (Root cause: org.openqa.selenium.WebDriverException: chrome not reachable
  (Session info: chrome=64.0.3282.186)
  (Driver info: chromedriver=2.35.528161 (5b82f2d2aae0ca24b877009200ced9065a772e73),platform=Windows NT 10.0.14393 x86_64) (WARNING: The server did not provide any stacktrace information)
Command duration or timeout: 0 milliseconds
Build info: version: '3.7.1', revision: '8a0099a', time: '2017-11-06T21:07:36.161Z'
System info: host: 'SAOM4271', ip: '10.110.6.13', os.name: 'Windows 10', os.arch: 'amd64', os.version: '10.0', java.version: '1.8.0_102'
Driver info: com.kms.katalon.selenium.driver.CChromeDriver
Capabilities {acceptInsecureCerts: false, acceptSslCerts: false, applicationCacheEnabled: false, browserConnectionEnabled: false, browserName: chrome, chrome: {chromedriverVersion: 2.35.528161 (5b82f2d2aae0ca..., userDataDir: C:\Users\saomflau\AppData\L...}, cssSelectorsEnabled: true, databaseEnabled: false, handlesAlerts: true, hasTouchScreen: false, javascriptEnabled: true, locationContextEnabled: true, mobileEmulationEnabled: false, nativeEvents: true, networkConnectionEnabled: false, pageLoadStrategy: normal, platform: XP, platformName: XP, rotatable: false, setWindowRect: true, takesHeapSnapshot: true, takesScreenshot: true, unexpectedAlertBehaviour: , unhandledPromptBehavior: , version: 64.0.3282.186, webStorageEnabled: true}
Session ID: afe0996356c027815538ff3e6c976023
*** Element info: {Using=xpath, value=//h1[(text() = 'Personal Details' or . = 'Personal Details')]})]]></system-err>
   </testsuite>
</testsuites>
